<?xml version="1.0" encoding="UTF-8"?>
<robot generator="Robot 5.0.1 (Python 3.10.5 on win32)" generated="20220613 00:13:28.830" rpa="false" schemaversion="3">
<suite id="s1" name="RobotText" source="D:\QA\DemoRobot\Latihan1\RobotText.robot">
<test id="s1-t1" name="I type my name in the field Text" line="11">
<kw name="Open Browser" library="SeleniumLibrary" type="SETUP">
<arg>${webURL}</arg>
<arg>${BROWSERS}</arg>
<doc>Opens a new browser instance to the optional ``url``.</doc>
<msg timestamp="20220613 00:13:28.994" level="INFO">Opening browser 'edge' to base url 'http://uitestingplayground.com/textinput'.</msg>
<status status="PASS" starttime="20220613 00:13:28.993" endtime="20220613 00:13:32.025"/>
</kw>
<kw name="Maximize Browser Window" library="SeleniumLibrary">
<doc>Maximizes current browser window.</doc>
<status status="PASS" starttime="20220613 00:13:32.026" endtime="20220613 00:13:32.150"/>
</kw>
<kw name="Input Text" library="SeleniumLibrary">
<arg>//input[@id="newButtonName"]</arg>
<arg>suryadi</arg>
<doc>Types the given ``text`` into the text field identified by ``locator``.</doc>
<msg timestamp="20220613 00:13:32.151" level="INFO">Typing text 'suryadi' into text field '//input[@id="newButtonName"]'.</msg>
<status status="PASS" starttime="20220613 00:13:32.150" endtime="20220613 00:13:32.286"/>
</kw>
<kw name="Click Button" library="SeleniumLibrary">
<arg>//button[@id="updatingButton"]</arg>
<doc>Clicks the button identified by ``locator``.</doc>
<msg timestamp="20220613 00:13:32.287" level="INFO">Clicking button '//button[@id="updatingButton"]'.</msg>
<status status="PASS" starttime="20220613 00:13:32.287" endtime="20220613 00:13:32.391"/>
</kw>
<kw name="Element Should Contain" library="SeleniumLibrary">
<arg>//button[@id="updatingButton"]</arg>
<arg>surya</arg>
<doc>Verifies that element ``locator`` contains text ``expected``.</doc>
<msg timestamp="20220613 00:13:32.427" level="INFO">Element '//button[@id="updatingButton"]' contains text 'surya'.</msg>
<status status="PASS" starttime="20220613 00:13:32.393" endtime="20220613 00:13:32.427"/>
</kw>
<kw name="Close Browser" library="SeleniumLibrary" type="TEARDOWN">
<doc>Closes the current browser.</doc>
<status status="PASS" starttime="20220613 00:13:32.428" endtime="20220613 00:13:34.756"/>
</kw>
<status status="PASS" starttime="20220613 00:13:28.993" endtime="20220613 00:13:34.756"/>
</test>
<status status="PASS" starttime="20220613 00:13:28.831" endtime="20220613 00:13:34.764"/>
</suite>
<statistics>
<total>
<stat pass="1" fail="0" skip="0">All Tests</stat>
</total>
<tag>
</tag>
<suite>
<stat pass="1" fail="0" skip="0" id="s1" name="RobotText">RobotText</stat>
</suite>
</statistics>
<errors>
</errors>
</robot>
